Arguments: 
  /Users/hugoescandon/.nvm/versions/node/v8.12.0/bin/node /usr/local/Cellar/yarn/1.19.2/libexec/bin/yarn.js upgrade caniuse-lite browserslist

PATH: 
  /Users/hugoescandon/.nvm/versions/node/v8.12.0/bin:/Users/hugoescandon/.rvm/gems/ruby-2.6.1/bin:/Users/hugoescandon/.rvm/gems/ruby-2.6.1@global/bin:/Users/hugoescandon/.rvm/rubies/ruby-2.6.1/bin:/Library/Frameworks/Python.framework/Versions/3.5/bin:/Library/Frameworks/Python.framework/Versions/3.5/bin:/usr/local/bin:/usr/bin:/bin:/usr/sbin:/sbin:/Users/hugoescandon/.rvm/gems/ruby-2.6.1/bin:/Users/hugoescandon/.rvm/gems/ruby-2.6.1@global/bin:/Users/hugoescandon/.rvm/rubies/ruby-2.6.1/bin:/Library/Frameworks/Python.framework/Versions/3.5/bin:/Users/hugoescandon/.rvm/bin

Yarn version: 
  1.19.2

Node version: 
  8.12.0

Platform: 
  darwin x64

Trace: 
  Error: http://r.cnpmjs.org/mapbox-gl/download/mapbox-gl-1.5.0.tgz: Request failed "504 Gateway Timeout"
      at ResponseError.ExtendableBuiltin (/usr/local/Cellar/yarn/1.19.2/libexec/lib/cli.js:696:66)
      at new ResponseError (/usr/local/Cellar/yarn/1.19.2/libexec/lib/cli.js:802:124)
      at Request.<anonymous> (/usr/local/Cellar/yarn/1.19.2/libexec/lib/cli.js:66997:16)
      at emitOne (events.js:116:13)
      at Request.emit (events.js:211:7)
      at Request.module.exports.Request.onRequestResponse (/usr/local/Cellar/yarn/1.19.2/libexec/lib/cli.js:141463:10)
      at emitOne (events.js:116:13)
      at ClientRequest.emit (events.js:211:7)
      at HTTPParser.parserOnIncomingClient (_http_client.js:544:21)
      at HTTPParser.parserOnHeadersComplete (_http_common.js:117:17)

npm manifest: 
  {
    "dependencies": {
      "deck.gl": "^7.3.6",
      "lodash": "^4.17.15",
      "mapbox-gl": "^1.5.0",
      "react-map-gl": "^5.1.2",
      "react-map-gl-geocoder": "^2.0.11",
      "react-places-autocomplete": "^7.2.1",
      "react-router-dom": "^5.1.2"
    }
  }

yarn manifest: 
  No manifest

Lockfile: 
  # THIS IS AN AUTOGENERATED FILE. DO NOT EDIT THIS FILE DIRECTLY.
  # yarn lockfile v1
  
  
  "js-tokens@^3.0.0 || ^4.0.0":
    version "4.0.0"
    resolved "https://registry.yarnpkg.com/js-tokens/-/js-tokens-4.0.0.tgz#19203fb59991df98e3a287050d4647cdeaf32499"
    integrity sha512-RdJUflcE3cUzKiMqQgsCu06FPu9UdIJO0beYbPhHN4k6apgJtifcoCtT9bcxOpYBtpD2kCM6Sbzg4CausW/PKQ==
  
  lodash.debounce@^4.0.8:
    version "4.0.8"
    resolved "https://registry.yarnpkg.com/lodash.debounce/-/lodash.debounce-4.0.8.tgz#82d79bff30a67c4005ffd5e2515300ad9ca4d7af"
    integrity sha1-gteb/zCmfEAF/9XiUVMArZyk168=
  
  loose-envify@^1.4.0:
    version "1.4.0"
    resolved "https://registry.yarnpkg.com/loose-envify/-/loose-envify-1.4.0.tgz#71ee51fa7be4caec1a63839f7e682d8132d30caf"
    integrity sha512-lyuxPGr/Wfhrlem2CL/UcnUc1zcqKAImBDzukY7Y5F/yQiNdko6+fRLevlw1HgMySw7f611UIY408EtxRSoK3Q==
    dependencies:
      js-tokens "^3.0.0 || ^4.0.0"
  
  object-assign@^4.1.1:
    version "4.1.1"
    resolved "https://registry.yarnpkg.com/object-assign/-/object-assign-4.1.1.tgz#2109adc7965887cfc05cbbd442cac8bfbb360863"
    integrity sha1-IQmtx5ZYh8/AXLvUQsrIv7s2CGM=
  
  prop-types@^15.5.8:
    version "15.7.2"
    resolved "https://registry.yarnpkg.com/prop-types/-/prop-types-15.7.2.tgz#52c41e75b8c87e72b9d9360e0206b99dcbffa6c5"
    integrity sha512-8QQikdH7//R2vurIJSutZ1smHYTcLpRWEOlHnzcWHmBYrOGUysKwSsrC89BCiFj3CbrfJ/nXFdJepOVrY1GCHQ==
    dependencies:
      loose-envify "^1.4.0"
      object-assign "^4.1.1"
      react-is "^16.8.1"
  
  react-is@^16.8.1:
    version "16.9.0"
    resolved "https://registry.yarnpkg.com/react-is/-/react-is-16.9.0.tgz#21ca9561399aad0ff1a7701c01683e8ca981edcb"
    integrity sha512-tJBzzzIgnnRfEm046qRcURvwQnZVXmuCbscxUO5RWrGTXpon2d4c8mI0D8WE6ydVIm29JiLB6+RslkIvym9Rjw==
  
  react-places-autocomplete@^7.2.1:
    version "7.2.1"
    resolved "https://registry.yarnpkg.com/react-places-autocomplete/-/react-places-autocomplete-7.2.1.tgz#ecdfdbb530ba19fedddd967a646642c2efd225cf"
    integrity sha512-X1SRv3zJjEZ9dnfy/vlSFi8dpUZc/vW4CF7GhN46AVATNMmB1y1EwhX2aiqKVWXO1888p9l7FMJLgySPRBDMCQ==
    dependencies:
      lodash.debounce "^4.0.8"
      prop-types "^15.5.8"
